<?xml version="1.0" encoding="UTF-8"?>
<!-- Generated by org.testng.reporters.JUnitReportReporter -->
<testsuite hostname="LAPTOP-M3HSMS1J" failures="0" tests="1" name="PracticeTest.SampleTest" time="61.592" errors="0" timestamp="2023-04-01T17:29:17 IST" skipped="0">
  <testcase classname="PracticeTest.SampleTest" name="SampleTestScript" time="61.592"/>
  <system-out/>
</testsuite> <!-- PracticeTest.SampleTest -->
